<?xml version="1.0" encoding="UTF-8"?>
<testng-results skipped="0" failed="0" ignored="0" total="2" passed="2">
  <reporter-output>
  </reporter-output>
  <suite name="Suite" duration-ms="24373" started-at="2019-05-04T05:38:41Z" finished-at="2019-05-04T05:39:05Z">
    <groups>
    </groups>
    <test name=" Chrome Test" duration-ms="14539" started-at="2019-05-04T05:38:41Z" finished-at="2019-05-04T05:38:56Z">
      <class name="parallelDemo.DemoTest1">
        <test-method status="PASS" signature="test(java.lang.String)[pri:0, instance:parallelDemo.DemoTest1@26aa12dd]" name="test" duration-ms="14508" started-at="2019-05-04T05:38:41Z" finished-at="2019-05-04T05:38:56Z">
          <params>
            <param index="0">
              <value>
                <![CDATA[chrome]]>
              </value>
            </param>
          </params>
          <reporter-output>
          </reporter-output>
        </test-method> <!-- test -->
      </class> <!-- parallelDemo.DemoTest1 -->
    </test> <!--  Chrome Test -->
    <test name=" Firefox Test" duration-ms="24373" started-at="2019-05-04T05:38:41Z" finished-at="2019-05-04T05:39:05Z">
      <class name="parallelDemo.DemoTest1">
        <test-method status="PASS" signature="test(java.lang.String)[pri:0, instance:parallelDemo.DemoTest1@e320068]" name="test" duration-ms="24342" started-at="2019-05-04T05:38:41Z" finished-at="2019-05-04T05:39:05Z">
          <params>
            <param index="0">
              <value>
                <![CDATA[firefox]]>
              </value>
            </param>
          </params>
          <reporter-output>
          </reporter-output>
        </test-method> <!-- test -->
      </class> <!-- parallelDemo.DemoTest1 -->
    </test> <!--  Firefox Test -->
  </suite> <!-- Suite -->
</testng-results>
